Determining if the pthread_create exist failed with the following output:
Change Dir: /home/urtiger/covid-1984-ws/build/ur_driver/CMakeFiles/CMakeTmp

Run Build Command:"/usr/bin/make" "cmTC_a21cb/fast"
/usr/bin/make -f CMakeFiles/cmTC_a21cb.dir/build.make CMakeFiles/cmTC_a21cb.dir/build
make[1]: Entering directory '/home/urtiger/covid-1984-ws/build/ur_driver/CMakeFiles/CMakeTmp'
Building C object CMakeFiles/cmTC_a21cb.dir/CheckSymbolExists.c.o
/usr/bin/cc    -o CMakeFiles/cmTC_a21cb.dir/CheckSymbolExists.c.o   -c /home/urtiger/covid-1984-ws/build/ur_driver/CMakeFiles/CMakeTmp/CheckSymbolExists.c
Linking C executable cmTC_a21cb
/usr/bin/cmake -E cmake_link_script CMakeFiles/cmTC_a21cb.dir/link.txt --verbose=1
/usr/bin/cc      -rdynamic CMakeFiles/cmTC_a21cb.dir/CheckSymbolExists.c.o  -o cmTC_a21cb 
CMakeFiles/cmTC_a21cb.dir/CheckSymbolExists.c.o: In function `main':
CheckSymbolExists.c:(.text+0x1b): undefined reference to `pthread_create'
collect2: error: ld returned 1 exit status
CMakeFiles/cmTC_a21cb.dir/build.make:97: recipe for target 'cmTC_a21cb' failed
make[1]: *** [cmTC_a21cb] Error 1
make[1]: Leaving directory '/home/urtiger/covid-1984-ws/build/ur_driver/CMakeFiles/CMakeTmp'
Makefile:126: recipe for target 'cmTC_a21cb/fast' failed
make: *** [cmTC_a21cb/fast] Error 2

File /home/urtiger/covid-1984-ws/build/ur_driver/CMakeFiles/CMakeTmp/CheckSymbolExists.c:
/* */
#include <pthread.h>

int main(int argc, char** argv)
{
  (void)argv;
#ifndef pthread_create
  return ((int*)(&pthread_create))[argc];
#else
  (void)argc;
  return 0;
#endif
}

Determining if the function pthread_create exists in the pthreads failed with the following output:
Change Dir: /home/urtiger/covid-1984-ws/build/ur_driver/CMakeFiles/CMakeTmp

Run Build Command:"/usr/bin/make" "cmTC_ad24f/fast"
/usr/bin/make -f CMakeFiles/cmTC_ad24f.dir/build.make CMakeFiles/cmTC_ad24f.dir/build
make[1]: Entering directory '/home/urtiger/covid-1984-ws/build/ur_driver/CMakeFiles/CMakeTmp'
Building C object CMakeFiles/cmTC_ad24f.dir/CheckFunctionExists.c.o
/usr/bin/cc   -DCHECK_FUNCTION_EXISTS=pthread_create   -o CMakeFiles/cmTC_ad24f.dir/CheckFunctionExists.c.o   -c /usr/share/cmake-3.10/Modules/CheckFunctionExists.c
Linking C executable cmTC_ad24f
/usr/bin/cmake -E cmake_link_script CMakeFiles/cmTC_ad24f.dir/link.txt --verbose=1
/usr/bin/cc  -DCHECK_FUNCTION_EXISTS=pthread_create    -rdynamic CMakeFiles/cmTC_ad24f.dir/CheckFunctionExists.c.o  -o cmTC_ad24f -lpthreads 
/usr/bin/ld: cannot find -lpthreads
collect2: error: ld returned 1 exit status
CMakeFiles/cmTC_ad24f.dir/build.make:97: recipe for target 'cmTC_ad24f' failed
make[1]: *** [cmTC_ad24f] Error 1
make[1]: Leaving directory '/home/urtiger/covid-1984-ws/build/ur_driver/CMakeFiles/CMakeTmp'
Makefile:126: recipe for target 'cmTC_ad24f/fast' failed
make: *** [cmTC_ad24f/fast] Error 2


