Determining if the pthread_create exist failed with the following output:
Change Dir: /home/urtiger/covid-1984-ws/build/ur10_moveit_config/CMakeFiles/CMakeTmp

Run Build Command:"/usr/bin/make" "cmTC_db294/fast"
/usr/bin/make -f CMakeFiles/cmTC_db294.dir/build.make CMakeFiles/cmTC_db294.dir/build
make[1]: Entering directory '/home/urtiger/covid-1984-ws/build/ur10_moveit_config/CMakeFiles/CMakeTmp'
Building C object CMakeFiles/cmTC_db294.dir/CheckSymbolExists.c.o
/usr/bin/cc    -o CMakeFiles/cmTC_db294.dir/CheckSymbolExists.c.o   -c /home/urtiger/covid-1984-ws/build/ur10_moveit_config/CMakeFiles/CMakeTmp/CheckSymbolExists.c
Linking C executable cmTC_db294
/usr/bin/cmake -E cmake_link_script CMakeFiles/cmTC_db294.dir/link.txt --verbose=1
/usr/bin/cc      -rdynamic CMakeFiles/cmTC_db294.dir/CheckSymbolExists.c.o  -o cmTC_db294 
CMakeFiles/cmTC_db294.dir/CheckSymbolExists.c.o: In function `main':
CheckSymbolExists.c:(.text+0x1b): undefined reference to `pthread_create'
collect2: error: ld returned 1 exit status
CMakeFiles/cmTC_db294.dir/build.make:97: recipe for target 'cmTC_db294' failed
make[1]: *** [cmTC_db294] Error 1
make[1]: Leaving directory '/home/urtiger/covid-1984-ws/build/ur10_moveit_config/CMakeFiles/CMakeTmp'
Makefile:126: recipe for target 'cmTC_db294/fast' failed
make: *** [cmTC_db294/fast] Error 2

File /home/urtiger/covid-1984-ws/build/ur10_moveit_config/CMakeFiles/CMakeTmp/CheckSymbolExists.c:
/* */
#include <pthread.h>

int main(int argc, char** argv)
{
  (void)argv;
#ifndef pthread_create
  return ((int*)(&pthread_create))[argc];
#else
  (void)argc;
  return 0;
#endif
}

Determining if the function pthread_create exists in the pthreads failed with the following output:
Change Dir: /home/urtiger/covid-1984-ws/build/ur10_moveit_config/CMakeFiles/CMakeTmp

Run Build Command:"/usr/bin/make" "cmTC_879fa/fast"
/usr/bin/make -f CMakeFiles/cmTC_879fa.dir/build.make CMakeFiles/cmTC_879fa.dir/build
make[1]: Entering directory '/home/urtiger/covid-1984-ws/build/ur10_moveit_config/CMakeFiles/CMakeTmp'
Building C object CMakeFiles/cmTC_879fa.dir/CheckFunctionExists.c.o
/usr/bin/cc   -DCHECK_FUNCTION_EXISTS=pthread_create   -o CMakeFiles/cmTC_879fa.dir/CheckFunctionExists.c.o   -c /usr/share/cmake-3.10/Modules/CheckFunctionExists.c
Linking C executable cmTC_879fa
/usr/bin/cmake -E cmake_link_script CMakeFiles/cmTC_879fa.dir/link.txt --verbose=1
/usr/bin/cc  -DCHECK_FUNCTION_EXISTS=pthread_create    -rdynamic CMakeFiles/cmTC_879fa.dir/CheckFunctionExists.c.o  -o cmTC_879fa -lpthreads 
/usr/bin/ld: cannot find -lpthreads
collect2: error: ld returned 1 exit status
CMakeFiles/cmTC_879fa.dir/build.make:97: recipe for target 'cmTC_879fa' failed
make[1]: *** [cmTC_879fa] Error 1
make[1]: Leaving directory '/home/urtiger/covid-1984-ws/build/ur10_moveit_config/CMakeFiles/CMakeTmp'
Makefile:126: recipe for target 'cmTC_879fa/fast' failed
make: *** [cmTC_879fa/fast] Error 2


