Determining if the pthread_create exist failed with the following output:
Change Dir: /home/urtiger/covid-1984-ws/build/rain_gazebo/CMakeFiles/CMakeTmp

Run Build Command:"/usr/bin/make" "cmTC_fa8d4/fast"
/usr/bin/make -f CMakeFiles/cmTC_fa8d4.dir/build.make CMakeFiles/cmTC_fa8d4.dir/build
make[1]: Entering directory '/home/urtiger/covid-1984-ws/build/rain_gazebo/CMakeFiles/CMakeTmp'
Building C object CMakeFiles/cmTC_fa8d4.dir/CheckSymbolExists.c.o
/usr/bin/cc    -o CMakeFiles/cmTC_fa8d4.dir/CheckSymbolExists.c.o   -c /home/urtiger/covid-1984-ws/build/rain_gazebo/CMakeFiles/CMakeTmp/CheckSymbolExists.c
Linking C executable cmTC_fa8d4
/usr/bin/cmake -E cmake_link_script CMakeFiles/cmTC_fa8d4.dir/link.txt --verbose=1
/usr/bin/cc      -rdynamic CMakeFiles/cmTC_fa8d4.dir/CheckSymbolExists.c.o  -o cmTC_fa8d4 
CMakeFiles/cmTC_fa8d4.dir/CheckSymbolExists.c.o: In function `main':
CheckSymbolExists.c:(.text+0x1b): undefined reference to `pthread_create'
collect2: error: ld returned 1 exit status
CMakeFiles/cmTC_fa8d4.dir/build.make:97: recipe for target 'cmTC_fa8d4' failed
make[1]: *** [cmTC_fa8d4] Error 1
make[1]: Leaving directory '/home/urtiger/covid-1984-ws/build/rain_gazebo/CMakeFiles/CMakeTmp'
Makefile:126: recipe for target 'cmTC_fa8d4/fast' failed
make: *** [cmTC_fa8d4/fast] Error 2

File /home/urtiger/covid-1984-ws/build/rain_gazebo/CMakeFiles/CMakeTmp/CheckSymbolExists.c:
/* */
#include <pthread.h>

int main(int argc, char** argv)
{
  (void)argv;
#ifndef pthread_create
  return ((int*)(&pthread_create))[argc];
#else
  (void)argc;
  return 0;
#endif
}

Determining if the function pthread_create exists in the pthreads failed with the following output:
Change Dir: /home/urtiger/covid-1984-ws/build/rain_gazebo/CMakeFiles/CMakeTmp

Run Build Command:"/usr/bin/make" "cmTC_aa687/fast"
/usr/bin/make -f CMakeFiles/cmTC_aa687.dir/build.make CMakeFiles/cmTC_aa687.dir/build
make[1]: Entering directory '/home/urtiger/covid-1984-ws/build/rain_gazebo/CMakeFiles/CMakeTmp'
Building C object CMakeFiles/cmTC_aa687.dir/CheckFunctionExists.c.o
/usr/bin/cc   -DCHECK_FUNCTION_EXISTS=pthread_create   -o CMakeFiles/cmTC_aa687.dir/CheckFunctionExists.c.o   -c /usr/share/cmake-3.10/Modules/CheckFunctionExists.c
Linking C executable cmTC_aa687
/usr/bin/cmake -E cmake_link_script CMakeFiles/cmTC_aa687.dir/link.txt --verbose=1
/usr/bin/cc  -DCHECK_FUNCTION_EXISTS=pthread_create    -rdynamic CMakeFiles/cmTC_aa687.dir/CheckFunctionExists.c.o  -o cmTC_aa687 -lpthreads 
/usr/bin/ld: cannot find -lpthreads
collect2: error: ld returned 1 exit status
CMakeFiles/cmTC_aa687.dir/build.make:97: recipe for target 'cmTC_aa687' failed
make[1]: *** [cmTC_aa687] Error 1
make[1]: Leaving directory '/home/urtiger/covid-1984-ws/build/rain_gazebo/CMakeFiles/CMakeTmp'
Makefile:126: recipe for target 'cmTC_aa687/fast' failed
make: *** [cmTC_aa687/fast] Error 2


