[35m[1mScanning dependencies of target geometry_msgs_generate_messages_cpp[0m
[  0%] Built target geometry_msgs_generate_messages_cpp
[35m[1mScanning dependencies of target _rain_unity_generate_messages_check_deps_rain_system[0m
[  0%] Built target _rain_unity_generate_messages_check_deps_rain_system
[35m[1mScanning dependencies of target _rain_unity_generate_messages_check_deps_Human_orion[0m
[  0%] Built target _rain_unity_generate_messages_check_deps_Human_orion
[35m[1mScanning dependencies of target _rain_unity_generate_messages_check_deps_Hand_orion[0m
[  0%] Built target _rain_unity_generate_messages_check_deps_Hand_orion
[35m[1mScanning dependencies of target std_msgs_generate_messages_cpp[0m
[  0%] Built target std_msgs_generate_messages_cpp
[35m[1mScanning dependencies of target geometry_msgs_generate_messages_py[0m
[  0%] Built target geometry_msgs_generate_messages_py
[35m[1mScanning dependencies of target std_msgs_generate_messages_py[0m
[  0%] Built target std_msgs_generate_messages_py
[35m[1mScanning dependencies of target geometry_msgs_generate_messages_eus[0m
[  0%] Built target geometry_msgs_generate_messages_eus
[35m[1mScanning dependencies of target std_msgs_generate_messages_eus[0m
[  0%] Built target std_msgs_generate_messages_eus
[35m[1mScanning dependencies of target std_msgs_generate_messages_nodejs[0m
[  0%] Built target std_msgs_generate_messages_nodejs
[35m[1mScanning dependencies of target geometry_msgs_generate_messages_nodejs[0m
[  0%] Built target geometry_msgs_generate_messages_nodejs
[35m[1mScanning dependencies of target std_msgs_generate_messages_lisp[0m
[  0%] Built target std_msgs_generate_messages_lisp
[35m[1mScanning dependencies of target geometry_msgs_generate_messages_lisp[0m
[  0%] Built target geometry_msgs_generate_messages_lisp
[35m[1mScanning dependencies of target rain_unity_generate_messages_cpp[0m
[  5%] [34m[1mGenerating C++ code from rain_unity/Human_orion.msg[0m
[ 11%] [34m[1mGenerating C++ code from rain_unity/Hand_orion.msg[0m
[ 17%] [34m[1mGenerating C++ code from rain_unity/rain_system.msg[0m
[ 17%] Built target rain_unity_generate_messages_cpp
[35m[1mScanning dependencies of target rain_unity_generate_messages_py[0m
[ 23%] [34m[1mGenerating Python from MSG rain_unity/Human_orion[0m
[ 29%] [34m[1mGenerating Python from MSG rain_unity/Hand_orion[0m
[ 35%] [34m[1mGenerating Python from MSG rain_unity/rain_system[0m
[ 41%] [34m[1mGenerating Python msg __init__.py for rain_unity[0m
[ 41%] Built target rain_unity_generate_messages_py
[35m[1mScanning dependencies of target rain_unity_generate_messages_eus[0m
[ 47%] [34m[1mGenerating EusLisp code from rain_unity/Human_orion.msg[0m
[ 52%] [34m[1mGenerating EusLisp code from rain_unity/Hand_orion.msg[0m
[ 58%] [34m[1mGenerating EusLisp code from rain_unity/rain_system.msg[0m
[ 64%] [34m[1mGenerating EusLisp manifest code for rain_unity[0m
[35m[1mScanning dependencies of target rain_unity_generate_messages_nodejs[0m
[ 70%] [34m[1mGenerating Javascript code from rain_unity/Human_orion.msg[0m
[ 76%] [34m[1mGenerating Javascript code from rain_unity/Hand_orion.msg[0m
[ 82%] [34m[1mGenerating Javascript code from rain_unity/rain_system.msg[0m
[ 82%] Built target rain_unity_generate_messages_nodejs
[ 82%] Built target rain_unity_generate_messages_eus
[35m[1mScanning dependencies of target rain_unity_generate_messages_lisp[0m
[ 88%] [34m[1mGenerating Lisp code from rain_unity/Human_orion.msg[0m
[ 94%] [34m[1mGenerating Lisp code from rain_unity/Hand_orion.msg[0m
[100%] [34m[1mGenerating Lisp code from rain_unity/rain_system.msg[0m
[100%] Built target rain_unity_generate_messages_lisp
[35m[1mScanning dependencies of target rain_unity_generate_messages[0m
[100%] Built target rain_unity_generate_messages
