Determining if the pthread_create exist failed with the following output:
Change Dir: /home/urtiger/covid-1984-ws/build/ur_e_description/CMakeFiles/CMakeTmp

Run Build Command:"/usr/bin/make" "cmTC_1cb10/fast"
/usr/bin/make -f CMakeFiles/cmTC_1cb10.dir/build.make CMakeFiles/cmTC_1cb10.dir/build
make[1]: Entering directory '/home/urtiger/covid-1984-ws/build/ur_e_description/CMakeFiles/CMakeTmp'
Building C object CMakeFiles/cmTC_1cb10.dir/CheckSymbolExists.c.o
/usr/bin/cc    -o CMakeFiles/cmTC_1cb10.dir/CheckSymbolExists.c.o   -c /home/urtiger/covid-1984-ws/build/ur_e_description/CMakeFiles/CMakeTmp/CheckSymbolExists.c
Linking C executable cmTC_1cb10
/usr/bin/cmake -E cmake_link_script CMakeFiles/cmTC_1cb10.dir/link.txt --verbose=1
/usr/bin/cc      -rdynamic CMakeFiles/cmTC_1cb10.dir/CheckSymbolExists.c.o  -o cmTC_1cb10 
CMakeFiles/cmTC_1cb10.dir/CheckSymbolExists.c.o: In function `main':
CheckSymbolExists.c:(.text+0x1b): undefined reference to `pthread_create'
collect2: error: ld returned 1 exit status
CMakeFiles/cmTC_1cb10.dir/build.make:97: recipe for target 'cmTC_1cb10' failed
make[1]: *** [cmTC_1cb10] Error 1
make[1]: Leaving directory '/home/urtiger/covid-1984-ws/build/ur_e_description/CMakeFiles/CMakeTmp'
Makefile:126: recipe for target 'cmTC_1cb10/fast' failed
make: *** [cmTC_1cb10/fast] Error 2

File /home/urtiger/covid-1984-ws/build/ur_e_description/CMakeFiles/CMakeTmp/CheckSymbolExists.c:
/* */
#include <pthread.h>

int main(int argc, char** argv)
{
  (void)argv;
#ifndef pthread_create
  return ((int*)(&pthread_create))[argc];
#else
  (void)argc;
  return 0;
#endif
}

Determining if the function pthread_create exists in the pthreads failed with the following output:
Change Dir: /home/urtiger/covid-1984-ws/build/ur_e_description/CMakeFiles/CMakeTmp

Run Build Command:"/usr/bin/make" "cmTC_c05ce/fast"
/usr/bin/make -f CMakeFiles/cmTC_c05ce.dir/build.make CMakeFiles/cmTC_c05ce.dir/build
make[1]: Entering directory '/home/urtiger/covid-1984-ws/build/ur_e_description/CMakeFiles/CMakeTmp'
Building C object CMakeFiles/cmTC_c05ce.dir/CheckFunctionExists.c.o
/usr/bin/cc   -DCHECK_FUNCTION_EXISTS=pthread_create   -o CMakeFiles/cmTC_c05ce.dir/CheckFunctionExists.c.o   -c /usr/share/cmake-3.10/Modules/CheckFunctionExists.c
Linking C executable cmTC_c05ce
/usr/bin/cmake -E cmake_link_script CMakeFiles/cmTC_c05ce.dir/link.txt --verbose=1
/usr/bin/cc  -DCHECK_FUNCTION_EXISTS=pthread_create    -rdynamic CMakeFiles/cmTC_c05ce.dir/CheckFunctionExists.c.o  -o cmTC_c05ce -lpthreads 
/usr/bin/ld: cannot find -lpthreads
collect2: error: ld returned 1 exit status
CMakeFiles/cmTC_c05ce.dir/build.make:97: recipe for target 'cmTC_c05ce' failed
make[1]: *** [cmTC_c05ce] Error 1
make[1]: Leaving directory '/home/urtiger/covid-1984-ws/build/ur_e_description/CMakeFiles/CMakeTmp'
Makefile:126: recipe for target 'cmTC_c05ce/fast' failed
make: *** [cmTC_c05ce/fast] Error 2


